2023-09-22T20:23:34.439+03:00  INFO 3788 --- [main] c.e.accounting.AccountingApplication     : Starting AccountingApplication using Java 17.0.6 with PID 3788 (C:\Users\User\IdeaProjects\accounting\target\classes started by User in C:\Users\User\IdeaProjects\accounting)
2023-09-22T20:23:34.452+03:00  INFO 3788 --- [main] c.e.accounting.AccountingApplication     : No active profile set, falling back to 1 default profile: "default"
2023-09-22T20:23:35.660+03:00  INFO 3788 --- [main] .s.d.r.c.RepositoryConfigurationDelegate : Bootstrapping Spring Data JPA repositories in DEFAULT mode.
2023-09-22T20:23:35.822+03:00  INFO 3788 --- [main] .s.d.r.c.RepositoryConfigurationDelegate : Finished Spring Data repository scanning in 137 ms. Found 3 JPA repository interfaces.
2023-09-22T20:23:36.799+03:00  INFO 3788 --- [main] o.s.b.w.embedded.tomcat.TomcatWebServer  : Tomcat initialized with port(s): 7089 (http)
2023-09-22T20:23:36.834+03:00  INFO 3788 --- [main] o.apache.catalina.core.StandardService   : Starting service [Tomcat]
2023-09-22T20:23:36.836+03:00  INFO 3788 --- [main] o.apache.catalina.core.StandardEngine    : Starting Servlet engine: [Apache Tomcat/10.1.8]
2023-09-22T20:23:36.965+03:00  INFO 3788 --- [main] o.a.c.c.C.[Tomcat].[localhost].[/]       : Initializing Spring embedded WebApplicationContext
2023-09-22T20:23:36.980+03:00  INFO 3788 --- [main] w.s.c.ServletWebServerApplicationContext : Root WebApplicationContext: initialization completed in 2406 ms
2023-09-22T20:23:37.244+03:00  INFO 3788 --- [main] com.zaxxer.hikari.HikariDataSource       : HikariPool-1 - Starting...
2023-09-22T20:23:37.541+03:00  INFO 3788 --- [main] com.zaxxer.hikari.pool.HikariPool        : HikariPool-1 - Added connection org.postgresql.jdbc.PgConnection@7a8341c1
2023-09-22T20:23:37.553+03:00  INFO 3788 --- [main] com.zaxxer.hikari.HikariDataSource       : HikariPool-1 - Start completed.
2023-09-22T20:23:37.623+03:00  INFO 3788 --- [main] o.hibernate.jpa.internal.util.LogHelper  : HHH000204: Processing PersistenceUnitInfo [name: default]
2023-09-22T20:23:37.763+03:00  INFO 3788 --- [main] org.hibernate.Version                    : HHH000412: Hibernate ORM core version 6.2.2.Final
2023-09-22T20:23:37.772+03:00  INFO 3788 --- [main] org.hibernate.cfg.Environment            : HHH000406: Using bytecode reflection optimizer
2023-09-22T20:23:38.227+03:00  INFO 3788 --- [main] o.h.b.i.BytecodeProviderInitiator        : HHH000021: Bytecode provider name : bytebuddy
2023-09-22T20:23:38.448+03:00  INFO 3788 --- [main] o.s.o.j.p.SpringPersistenceUnitInfo      : No LoadTimeWeaver setup: ignoring JPA class transformer
2023-09-22T20:23:38.612+03:00  INFO 3788 --- [main] org.hibernate.orm.dialect                : HHH035001: Using dialect: org.hibernate.dialect.PostgreSQLDialect, version: org.hibernate.engine.jdbc.env.internal.JdbcEnvironmentInitiator$DialectResolutionInfoImpl@2f15a964
2023-09-22T20:23:39.104+03:00  INFO 3788 --- [main] o.h.b.i.BytecodeProviderInitiator        : HHH000021: Bytecode provider name : bytebuddy
2023-09-22T20:23:40.167+03:00  INFO 3788 --- [main] o.h.e.t.j.p.i.JtaPlatformInitiator       : HHH000490: Using JtaPlatform implementation: [org.hibernate.engine.transaction.jta.platform.internal.NoJtaPlatform]
2023-09-22T20:23:40.171+03:00  INFO 3788 --- [main] j.LocalContainerEntityManagerFactoryBean : Initialized JPA EntityManagerFactory for persistence unit 'default'
2023-09-22T20:23:40.625+03:00  INFO 3788 --- [main] o.s.d.j.r.query.QueryEnhancerFactory     : Hibernate is in classpath; If applicable, HQL parser will be used.
2023-09-22T20:23:41.116+03:00  WARN 3788 --- [main] JpaBaseConfiguration$JpaWebConfiguration : spring.jpa.open-in-view is enabled by default. Therefore, database queries may be performed during view rendering. Explicitly configure spring.jpa.open-in-view to disable this warning
2023-09-22T20:23:41.410+03:00  WARN 3788 --- [main] ion$DefaultTemplateResolverConfiguration : Cannot find template location: classpath:/templates/ (please add some templates, check your Thymeleaf configuration, or set spring.thymeleaf.check-template-location=false)
2023-09-22T20:23:41.527+03:00  INFO 3788 --- [main] o.s.b.w.embedded.tomcat.TomcatWebServer  : Tomcat started on port(s): 7089 (http) with context path ''
2023-09-22T20:23:41.537+03:00  INFO 3788 --- [main] c.e.accounting.AccountingApplication     : Started AccountingApplication in 8.334 seconds (process running for 10.123)
